{
  "RSpec": {
    "coverage": {
      "/home/priya/rails/ayushBackend/spec/support/request_helpers.rb": [
        1,
        1,
        1,
        0,
        null,
        null,
        null
      ],
      "/home/priya/rails/ayushBackend/app/controllers/v1/base_controller.rb": [
        1,
        1,
        null,
        1,
        0,
        0,
        null,
        0,
        null,
        null,
        null
      ],
      "/home/priya/rails/ayushBackend/app/controllers/application_controller.rb": [
        1,
        null,
        null
      ],
      "/home/priya/rails/ayushBackend/spec/controllers/v1/messages_controller_spec.rb": [
        1,
        null,
        null,
        1,
        4,
        1,
        null,
        null,
        1,
        1,
        0,
        0,
        null,
        null,
        null,
        null,
        1,
        1,
        0,
        0,
        null,
        null,
        null,
        1,
        0,
        0,
        null,
        null,
        null
      ],
      "/home/priya/rails/ayushBackend/app/controllers/messages_controller.rb": [
        1,
        null,
        null,
        null,
        null,
        null,
        null,
        null,
        null,
        null,
        null,
        null,
        null,
        null,
        null,
        null,
        1,
        1,
        null,
        null,
        1,
        0,
        null,
        null,
        null,
        1,
        0,
        0,
        null,
        null,
        null,
        1,
        null,
        null,
        1,
        0,
        null,
        null,
        null
      ],
      "/home/priya/rails/ayushBackend/app/models/message.rb": [
        1,
        null,
        null,
        null,
        null,
        null,
        null,
        1,
        null,
        1,
        null,
        1,
        null,
        1,
        0,
        null,
        null
      ],
      "/home/priya/rails/ayushBackend/app/models/application_record.rb": [
        1,
        1,
        null
      ]
    },
    "timestamp": 1491025889
  }
}
